<?xml version="1.0" encoding="UTF-8"?>
<testng-results ignored="0" total="4" passed="4" failed="0" skipped="0">
  <reporter-output>
  </reporter-output>
  <suite started-at="2020-12-01T06:33:47Z" name="Surefire suite" finished-at="2020-12-01T06:33:47Z" duration-ms="366">
    <groups>
      <group name="cucumber">
        <method signature="AbstractTestNGCucumberTests.runScenario(cucumber.api.testng.PickleEventWrapper, cucumber.api.testng.CucumberFeatureWrapper)[pri:0, instance:com.gk.test.RunSingleSuite@3023df74]" name="runScenario" class="cucumber.api.testng.AbstractTestNGCucumberTests"/>
      </group> <!-- cucumber -->
    </groups>
    <test started-at="2020-12-01T06:33:47Z" name="Surefire test" finished-at="2020-12-01T06:33:47Z" duration-ms="366">
      <class name="com.gk.test.RunSingleSuite">
        <test-method is-config="true" signature="setUpClass()[pri:0, instance:com.gk.test.RunSingleSuite@3023df74]" started-at="2020-12-01T06:33:47Z" name="setUpClass" finished-at="2020-12-01T06:33:47Z" duration-ms="90" status="PASS">
          <reporter-output>
          </reporter-output>
        </test-method> <!-- setUpClass -->
        <test-method signature="runScenario(cucumber.api.testng.PickleEventWrapper, cucumber.api.testng.CucumberFeatureWrapper)[pri:0, instance:com.gk.test.RunSingleSuite@3023df74]" started-at="2020-12-01T06:33:47Z" name="runScenario" description="Runs Cucumber Scenarios" data-provider="scenarios" finished-at="2020-12-01T06:33:47Z" duration-ms="205" status="PASS">
          <params>
            <param index="0">
              <value>
                <![CDATA["Positive Test to find longest and shortest word from the sentence"]]>
              </value>
            </param>
            <param index="1">
              <value>
                <![CDATA["Find longest and shortest word from sentence"]]>
              </value>
            </param>
          </params>
          <reporter-output>
          </reporter-output>
        </test-method> <!-- runScenario -->
        <test-method signature="runScenario(cucumber.api.testng.PickleEventWrapper, cucumber.api.testng.CucumberFeatureWrapper)[pri:0, instance:com.gk.test.RunSingleSuite@3023df74]" started-at="2020-12-01T06:33:47Z" name="runScenario" description="Runs Cucumber Scenarios" data-provider="scenarios" finished-at="2020-12-01T06:33:47Z" duration-ms="1" status="PASS">
          <params>
            <param index="0">
              <value>
                <![CDATA["Positive Test to find longest and shortest word from the sentence"]]>
              </value>
            </param>
            <param index="1">
              <value>
                <![CDATA["Find longest and shortest word from sentence"]]>
              </value>
            </param>
          </params>
          <reporter-output>
          </reporter-output>
        </test-method> <!-- runScenario -->
        <test-method signature="runScenario(cucumber.api.testng.PickleEventWrapper, cucumber.api.testng.CucumberFeatureWrapper)[pri:0, instance:com.gk.test.RunSingleSuite@3023df74]" started-at="2020-12-01T06:33:47Z" name="runScenario" description="Runs Cucumber Scenarios" data-provider="scenarios" finished-at="2020-12-01T06:33:47Z" duration-ms="2" status="PASS">
          <params>
            <param index="0">
              <value>
                <![CDATA["Positive Test to find longest and shortest word from the sentence"]]>
              </value>
            </param>
            <param index="1">
              <value>
                <![CDATA["Find longest and shortest word from sentence"]]>
              </value>
            </param>
          </params>
          <reporter-output>
          </reporter-output>
        </test-method> <!-- runScenario -->
        <test-method signature="runScenario(cucumber.api.testng.PickleEventWrapper, cucumber.api.testng.CucumberFeatureWrapper)[pri:0, instance:com.gk.test.RunSingleSuite@3023df74]" started-at="2020-12-01T06:33:47Z" name="runScenario" description="Runs Cucumber Scenarios" data-provider="scenarios" finished-at="2020-12-01T06:33:47Z" duration-ms="1" status="PASS">
          <params>
            <param index="0">
              <value>
                <![CDATA["Negative Test to check when sentence is blank"]]>
              </value>
            </param>
            <param index="1">
              <value>
                <![CDATA["Find longest and shortest word from sentence"]]>
              </value>
            </param>
          </params>
          <reporter-output>
          </reporter-output>
        </test-method> <!-- runScenario -->
        <test-method is-config="true" signature="tearDownClass()[pri:0, instance:com.gk.test.RunSingleSuite@3023df74]" started-at="2020-12-01T06:33:47Z" name="tearDownClass" finished-at="2020-12-01T06:33:47Z" duration-ms="26" status="PASS">
          <reporter-output>
          </reporter-output>
        </test-method> <!-- tearDownClass -->
      </class> <!-- com.gk.test.RunSingleSuite -->
    </test> <!-- Surefire test -->
  </suite> <!-- Surefire suite -->
</testng-results>
